<?xml version="1.0" encoding="UTF-8"?>
<testng-results skipped="0" failed="0" ignored="0" total="1" passed="1">
  <reporter-output>
  </reporter-output>
  <suite name="Suite" duration-ms="11076" started-at="2019-12-03T00:58:23 IST" finished-at="2019-12-03T00:58:34 IST">
    <groups>
    </groups>
    <test name="Test" duration-ms="11076" started-at="2019-12-03T00:58:23 IST" finished-at="2019-12-03T00:58:34 IST">
      <class name="com.automation.testcases.LoginTest">
        <test-method status="PASS" signature="setup()[pri:0, instance:com.automation.testcases.LoginTest@3701eaf6]" name="setup" is-config="true" duration-ms="6012" started-at="2019-12-03T00:58:23 IST" finished-at="2019-12-03T00:58:29 IST">
          <reporter-output>
          </reporter-output>
        </test-method> <!-- setup -->
        <test-method status="PASS" signature="loginApp()[pri:0, instance:com.automation.testcases.LoginTest@3701eaf6]" name="loginApp" duration-ms="4351" started-at="2019-12-03T00:58:29 IST" finished-at="2019-12-03T00:58:34 IST">
          <reporter-output>
          </reporter-output>
        </test-method> <!-- loginApp -->
        <test-method status="PASS" signature="tearDown()[pri:0, instance:com.automation.testcases.LoginTest@3701eaf6]" name="tearDown" is-config="true" duration-ms="649" started-at="2019-12-03T00:58:34 IST" finished-at="2019-12-03T00:58:34 IST">
          <reporter-output>
          </reporter-output>
        </test-method> <!-- tearDown -->
      </class> <!-- com.automation.testcases.LoginTest -->
    </test> <!-- Test -->
  </suite> <!-- Suite -->
</testng-results>
